<?xml version="1.0" encoding="UTF-8"?>
<!-- Generated by org.testng.reporters.JUnitReportReporter -->
<testsuite hostname="dragan-HP-ProBook-4510s" name="org.apache.tapestry5.gridenhancements.integration.GridCurrentPageMixinTest" tests="3" failures="0" timestamp="22 Aug 2011 10:19:07 GMT" time="2.268" errors="0">
  <testcase name="page_parameter_is_added_to_url" time="0.940" classname="org.apache.tapestry5.gridenhancements.integration.GridCurrentPageMixinTest"/>
  <testcase name="provide_page_number_in_url_first_grid" time="0.449" classname="org.apache.tapestry5.gridenhancements.integration.GridCurrentPageMixinTest"/>
  <testcase name="provide_page_number_in_url_both_grids" time="0.879" classname="org.apache.tapestry5.gridenhancements.integration.GridCurrentPageMixinTest"/>
</testsuite>
